<?xml version="1.0" encoding="UTF-8"?>
<!-- Generated by org.testng.reporters.JUnitReportReporter -->
<testsuite skipped="0" hostname="Josephs-MBP" name="stepdefinitions.TS_001_Create_JRI_Account" tests="1" failures="0" timestamp="2022-01-07T18:02:59 EST" time="0.005" errors="0">
  <testcase name="f" time="0.005" classname="stepdefinitions.TS_001_Create_JRI_Account"/>
  <system-out/>
</testsuite> <!-- stepdefinitions.TS_001_Create_JRI_Account -->
